<?xml version="1.0" encoding="UTF-8"?>
<testng-results ignored="0" total="1" passed="1" failed="0" skipped="0">
  <reporter-output>
  </reporter-output>
  <suite started-at="2021-05-26T15:21:31 BRT" name="Default suite" finished-at="2021-05-26T15:21:32 BRT" duration-ms="1238">
    <groups>
    </groups>
    <test started-at="2021-05-26T15:21:31 BRT" name="Default test" finished-at="2021-05-26T15:21:32 BRT" duration-ms="1238">
      <class name="tests.TestExamples">
        <test-method signature="test5()[pri:0, instance:tests.TestExamples@503d687a]" started-at="2021-05-26T15:21:31 BRT" name="test5" finished-at="2021-05-26T15:21:32 BRT" duration-ms="1212" status="PASS">
          <reporter-output>
          </reporter-output>
        </test-method> <!-- test5 -->
      </class> <!-- tests.TestExamples -->
    </test> <!-- Default test -->
  </suite> <!-- Default suite -->
</testng-results>
